2022.08.25 17:32:09 INFO  tracing is disabled for protocol LSP, to enable tracing of incoming and outgoing JSON messages create an empty file at /Users/macmini/Documents/Work station/Python/Webscaping/BscScan/.metals/lsp.trace.json or /Users/macmini/Library/Caches/org.scalameta.metals/lsp.trace.json
2022.08.25 17:32:10 INFO  logging to file /Users/macmini/Documents/Work station/Python/Webscaping/BscScan/.metals/metals.log
2022.08.25 17:32:10 INFO  Started: Metals version 0.11.8 in workspace '/Users/macmini/Documents/Work station/Python/Webscaping/BscScan' for client Visual Studio Code 1.70.2.
2022.08.25 17:32:10 WARN  Can't instantiate JavaInteractiveSemanticdb (version: JdkVersion(8), jdkHome: /Library/Internet Plug-Ins/JavaAppletPlugin.plugin/Contents/Home, javac exists: false)
2022.08.25 17:32:10 WARN  Flyway upgrade recommended: H2 2.1.214 is newer than this version of Flyway and support has not been tested. The latest supported version of H2 is 2.1.210.
2022.08.25 17:32:11 INFO  time: initialize in 1.25s
2022.08.25 17:32:11 WARN  Build server is not auto-connectable.
2022.08.25 17:32:11 WARN  no build tool detected in workspace '/Users/macmini/Documents/Work station/Python/Webscaping/BscScan'. The most common cause for this problem is that the editor was opened in the wrong working directory, for example if you use sbt then the workspace directory should contain build.sbt. 
2022.08.25 17:32:12 WARN  no build target for: /Users/macmini/Documents/Work station/Python/Webscaping/BscScan/connectHive.scala
Aug 25, 2022 5:32:33 PM org.eclipse.lsp4j.jsonrpc.services.GenericEndpoint notify
INFO: Unsupported notification method: $/setTrace
Aug 25, 2022 5:32:33 PM org.eclipse.lsp4j.jsonrpc.services.GenericEndpoint notify
INFO: Unsupported notification method: $/setTrace
Aug 25, 2022 5:32:33 PM org.eclipse.lsp4j.jsonrpc.services.GenericEndpoint notify
INFO: Unsupported notification method: $/setTrace
Aug 25, 2022 5:32:33 PM org.eclipse.lsp4j.jsonrpc.services.GenericEndpoint notify
INFO: Unsupported notification method: $/setTrace
Aug 25, 2022 5:32:33 PM org.eclipse.lsp4j.jsonrpc.services.GenericEndpoint notify
INFO: Unsupported notification method: $/setTrace
Aug 25, 2022 5:32:33 PM org.eclipse.lsp4j.jsonrpc.services.GenericEndpoint notify
INFO: Unsupported notification method: $/setTrace
Aug 25, 2022 5:32:33 PM org.eclipse.lsp4j.jsonrpc.services.GenericEndpoint notify
INFO: Unsupported notification method: $/setTrace
Aug 25, 2022 5:32:33 PM org.eclipse.lsp4j.jsonrpc.services.GenericEndpoint notify
INFO: Unsupported notification method: $/setTrace
Aug 25, 2022 5:32:33 PM org.eclipse.lsp4j.jsonrpc.services.GenericEndpoint notify
INFO: Unsupported notification method: $/setTrace
Aug 25, 2022 5:32:33 PM org.eclipse.lsp4j.jsonrpc.services.GenericEndpoint notify
INFO: Unsupported notification method: $/setTrace
Aug 25, 2022 5:32:33 PM org.eclipse.lsp4j.jsonrpc.services.GenericEndpoint notify
INFO: Unsupported notification method: $/setTrace
Aug 25, 2022 5:32:33 PM org.eclipse.lsp4j.jsonrpc.services.GenericEndpoint notify
INFO: Unsupported notification method: $/setTrace
Aug 25, 2022 5:32:33 PM org.eclipse.lsp4j.jsonrpc.services.GenericEndpoint notify
INFO: Unsupported notification method: $/setTrace
Aug 25, 2022 5:32:33 PM org.eclipse.lsp4j.jsonrpc.services.GenericEndpoint notify
INFO: Unsupported notification method: $/setTrace
Aug 25, 2022 5:32:33 PM org.eclipse.lsp4j.jsonrpc.services.GenericEndpoint notify
INFO: Unsupported notification method: $/setTrace
Aug 25, 2022 5:32:33 PM org.eclipse.lsp4j.jsonrpc.services.GenericEndpoint notify
INFO: Unsupported notification method: $/setTrace
Aug 25, 2022 5:32:33 PM org.eclipse.lsp4j.jsonrpc.services.GenericEndpoint notify
INFO: Unsupported notification method: $/setTrace
Aug 25, 2022 5:32:33 PM org.eclipse.lsp4j.jsonrpc.services.GenericEndpoint notify
INFO: Unsupported notification method: $/setTrace
Aug 25, 2022 5:32:33 PM org.eclipse.lsp4j.jsonrpc.services.GenericEndpoint notify
INFO: Unsupported notification method: $/setTrace
Aug 25, 2022 5:32:33 PM org.eclipse.lsp4j.jsonrpc.services.GenericEndpoint notify
INFO: Unsupported notification method: $/setTrace
Aug 25, 2022 5:32:33 PM org.eclipse.lsp4j.jsonrpc.services.GenericEndpoint notify
INFO: Unsupported notification method: $/setTrace
Aug 25, 2022 5:32:33 PM org.eclipse.lsp4j.jsonrpc.services.GenericEndpoint notify
INFO: Unsupported notification method: $/setTrace
Aug 25, 2022 5:32:33 PM org.eclipse.lsp4j.jsonrpc.services.GenericEndpoint notify
INFO: Unsupported notification method: $/setTrace
Aug 25, 2022 5:32:33 PM org.eclipse.lsp4j.jsonrpc.services.GenericEndpoint notify
INFO: Unsupported notification method: $/setTrace
Aug 25, 2022 5:32:33 PM org.eclipse.lsp4j.jsonrpc.services.GenericEndpoint notify
INFO: Unsupported notification method: $/setTrace
Aug 25, 2022 5:32:33 PM org.eclipse.lsp4j.jsonrpc.services.GenericEndpoint notify
INFO: Unsupported notification method: $/setTrace
Aug 25, 2022 5:32:33 PM org.eclipse.lsp4j.jsonrpc.services.GenericEndpoint notify
INFO: Unsupported notification method: $/setTrace
Aug 25, 2022 5:32:33 PM org.eclipse.lsp4j.jsonrpc.services.GenericEndpoint notify
INFO: Unsupported notification method: $/setTrace
Aug 25, 2022 5:32:33 PM org.eclipse.lsp4j.jsonrpc.services.GenericEndpoint notify
INFO: Unsupported notification method: $/setTrace
Aug 25, 2022 5:32:34 PM org.eclipse.lsp4j.jsonrpc.services.GenericEndpoint notify
INFO: Unsupported notification method: $/setTrace
Aug 25, 2022 5:32:34 PM org.eclipse.lsp4j.jsonrpc.services.GenericEndpoint notify
INFO: Unsupported notification method: $/setTrace
Aug 25, 2022 5:32:34 PM org.eclipse.lsp4j.jsonrpc.services.GenericEndpoint notify
INFO: Unsupported notification method: $/setTrace
2022.08.25 17:33:06 INFO  no build target found for /Users/macmini/Documents/Work station/Python/Webscaping/BscScan/connectHive.scala. Using presentation compiler with project's scala-library version: 3.1.3
2022.08.25 17:33:07 INFO  time: code lens generation in 55s
2022.08.25 17:33:07 INFO  time: code lens generation in 27s
2022.08.25 17:33:07 INFO  time: code lens generation in 28s
Aug 25, 2022 5:33:53 PM org.eclipse.lsp4j.jsonrpc.services.GenericEndpoint notify
INFO: Unsupported notification method: $/setTrace
Aug 25, 2022 5:33:53 PM org.eclipse.lsp4j.jsonrpc.services.GenericEndpoint notify
INFO: Unsupported notification method: $/setTrace
Aug 25, 2022 5:33:55 PM org.eclipse.lsp4j.jsonrpc.services.GenericEndpoint notify
INFO: Unsupported notification method: $/setTrace
Aug 25, 2022 5:33:57 PM org.eclipse.lsp4j.jsonrpc.services.GenericEndpoint notify
INFO: Unsupported notification method: $/setTrace
2022.08.25 17:34:45 WARN  no build target for: /Users/macmini/Documents/Work station/Python/Webscaping/BscScan/connectHive.scala
2022.08.25 17:36:49 WARN  no build target for: /Users/macmini/Documents/Work station/Python/Webscaping/BscScan/connectHive.scala
Exception in thread "pool-3-thread-1" java.lang.Error: java.lang.InterruptedException
	at java.util.concurrent.ThreadPoolExecutor.runWorker(ThreadPoolExecutor.java:1155)
	at java.util.concurrent.ThreadPoolExecutor$Worker.run(ThreadPoolExecutor.java:624)
	at java.lang.Thread.run(Thread.java:750)
Caused by: java.lang.InterruptedException
	at scala.meta.internal.metals.FutureCancelToken.checkCanceled(FutureCancelToken.scala:29)
	at scala.meta.internal.pc.CompilerAccess.onCompilerJobQueue$$anonfun$1(CompilerAccess.scala:195)
	at scala.meta.internal.pc.CompilerJobQueue$Job.run(CompilerJobQueue.scala:152)
	at java.util.concurrent.ThreadPoolExecutor.runWorker(ThreadPoolExecutor.java:1149)
	... 2 more
2022.08.25 17:42:07 WARN  no build target for: /Users/macmini/Documents/Work station/Python/Webscaping/BscScan/connectHive.scala
2022.08.25 17:42:31 WARN  no build target for: /Users/macmini/Documents/Work station/Python/Webscaping/BscScan/connectHive.scala
2022.08.25 17:42:36 WARN  no build target for: /Users/macmini/Documents/Work station/Python/Webscaping/BscScan/connectHive.scala
2022.08.25 17:42:42 WARN  no build target for: /Users/macmini/Documents/Work station/Python/Webscaping/BscScan/connectHive.scala
2022.08.25 17:42:42 WARN  no build target for: /Users/macmini/Documents/Work station/Python/Webscaping/BscScan/connectHive.scala
2022.08.25 17:42:44 WARN  no build target for: /Users/macmini/Documents/Work station/Python/Webscaping/BscScan/connectHive.scala
2022.08.25 17:42:52 WARN  no build target for: /Users/macmini/Documents/Work station/Python/Webscaping/BscScan/connectHive.scala
2022.08.25 17:42:52 WARN  no build target for: /Users/macmini/Documents/Work station/Python/Webscaping/BscScan/connectHive.scala
2022.08.25 17:42:52 WARN  no build target for: /Users/macmini/Documents/Work station/Python/Webscaping/BscScan/connectHive.scala
2022.08.25 17:42:52 WARN  no build target for: /Users/macmini/Documents/Work station/Python/Webscaping/BscScan/connectHive.scala
2022.08.25 17:43:28 WARN  no build target for: /Users/macmini/Documents/Work station/Python/Webscaping/BscScan/connectHive.scala
2022.08.25 17:43:55 WARN  no build target for: /Users/macmini/Documents/Work station/Python/Webscaping/BscScan/connectHive.scala
2022.08.25 17:44:14 WARN  no build target for: /Users/macmini/Documents/Work station/Python/Webscaping/BscScan/connectHive.scala
2022.08.25 17:44:14 WARN  no build target for: /Users/macmini/Documents/Work station/Python/Webscaping/BscScan/connectHive.scala
2022.08.25 17:44:16 WARN  no build target for: /Users/macmini/Documents/Work station/Python/Webscaping/BscScan/connectHive.scala
2022.08.25 17:44:18 WARN  no build target for: /Users/macmini/Documents/Work station/Python/Webscaping/BscScan/connectHive.scala
2022.08.25 17:44:25 WARN  no build target for: /Users/macmini/Documents/Work station/Python/Webscaping/BscScan/connectHive.scala
2022.08.25 17:44:46 WARN  no build target for: /Users/macmini/Documents/Work station/Python/Webscaping/BscScan/connectHive.scala
2022.08.25 17:46:49 WARN  no build target for: /Users/macmini/Documents/Work station/Python/Webscaping/BscScan/connectHive.scala
2022.08.25 17:47:51 WARN  no build target for: /Users/macmini/Documents/Work station/Python/Webscaping/BscScan/connectHive.scala
Aug 25, 2022 5:48:02 PM org.eclipse.lsp4j.jsonrpc.services.GenericEndpoint notify
INFO: Unsupported notification method: $/setTrace
2022.08.25 17:49:02 WARN  no build target for: /Users/macmini/Documents/Work station/Python/Webscaping/BscScan/connectHive.scala
2022.08.25 17:50:12 WARN  no build target for: /Users/macmini/Documents/Work station/Python/Webscaping/BscScan/connectHive.scala
2022.08.25 17:50:14 WARN  no build target for: /Users/macmini/Documents/Work station/Python/Webscaping/BscScan/connectHive.scala
2022.08.25 17:50:14 WARN  no build target for: /Users/macmini/Documents/Work station/Python/Webscaping/BscScan/connectHive.scala
Aug 25, 2022 5:50:14 PM org.eclipse.lsp4j.jsonrpc.RemoteEndpoint handleCancellation
WARNING: Unmatched cancel notification for request id 823
2022.08.25 17:50:45 WARN  no build target for: /Users/macmini/Documents/Work station/Python/Webscaping/BscScan/connectHive.scala
2022.08.25 17:54:22 WARN  no build target for: /Users/macmini/Documents/Work station/Python/Webscaping/BscScan/connectHive.scala
Exception in thread "pool-3-thread-2" java.lang.Error: java.lang.InterruptedException
	at java.util.concurrent.ThreadPoolExecutor.runWorker(ThreadPoolExecutor.java:1155)
	at java.util.concurrent.ThreadPoolExecutor$Worker.run(ThreadPoolExecutor.java:624)
	at java.lang.Thread.run(Thread.java:750)
Caused by: java.lang.InterruptedException
	at scala.meta.internal.metals.FutureCancelToken.checkCanceled(FutureCancelToken.scala:29)
	at scala.meta.internal.pc.CompilerAccess.onCompilerJobQueue$$anonfun$1(CompilerAccess.scala:195)
	at scala.meta.internal.pc.CompilerJobQueue$Job.run(CompilerJobQueue.scala:152)
	at java.util.concurrent.ThreadPoolExecutor.runWorker(ThreadPoolExecutor.java:1149)
	... 2 more
2022.08.25 17:54:24 WARN  no build target for: /Users/macmini/Documents/Work station/Python/Webscaping/BscScan/connectHive.scala
2022.08.25 18:01:08 WARN  no build target for: /Users/macmini/Documents/Work station/Python/Webscaping/BscScan/connectHive.scala
2022.08.25 18:05:20 WARN  no build target for: /Users/macmini/Documents/Work station/Python/Webscaping/BscScan/connectHive.scala
2022.08.25 18:12:08 INFO  shutting down Metals
2022.08.26 09:00:17 INFO  tracing is disabled for protocol LSP, to enable tracing of incoming and outgoing JSON messages create an empty file at /Users/macmini/Documents/Work station/Python/Webscaping/BscScan/.metals/lsp.trace.json or /Users/macmini/Library/Caches/org.scalameta.metals/lsp.trace.json
2022.08.26 09:00:23 INFO  logging to file /Users/macmini/Documents/Work station/Python/Webscaping/BscScan/.metals/metals.log
2022.08.26 09:00:23 INFO  Started: Metals version 0.11.8 in workspace '/Users/macmini/Documents/Work station/Python/Webscaping/BscScan' for client Visual Studio Code 1.70.2.
2022.08.26 09:00:23 WARN  Can't instantiate JavaInteractiveSemanticdb (version: JdkVersion(8), jdkHome: /Library/Internet Plug-Ins/JavaAppletPlugin.plugin/Contents/Home, javac exists: false)
2022.08.26 09:00:25 WARN  Flyway upgrade recommended: H2 2.1.214 is newer than this version of Flyway and support has not been tested. The latest supported version of H2 is 2.1.210.
2022.08.26 09:00:25 INFO  time: initialize in 2.7s
2022.08.26 09:00:27 WARN  Build server is not auto-connectable.
2022.08.26 09:00:27 WARN  no build tool detected in workspace '/Users/macmini/Documents/Work station/Python/Webscaping/BscScan'. The most common cause for this problem is that the editor was opened in the wrong working directory, for example if you use sbt then the workspace directory should contain build.sbt. 
2022.08.26 09:00:27 WARN  no build target for: /Users/macmini/Documents/Work station/Python/Webscaping/BscScan/connectHive.scala
2022.08.26 09:00:33 INFO  no build target found for /Users/macmini/Documents/Work station/Python/Webscaping/BscScan/connectHive.scala. Using presentation compiler with project's scala-library version: 3.1.3
2022.08.26 09:00:37 INFO  time: code lens generation in 10s
